<?xml version="1.0" encoding="UTF-8"?>
<testng-results ignored="0" total="1" passed="1" failed="0" skipped="0">
  <reporter-output>
  </reporter-output>
  <suite started-at="2024-12-31T14:04:35 PST" name="Suite" finished-at="2024-12-31T14:04:42 PST" duration-ms="6277">
    <groups>
    </groups>
    <test started-at="2024-12-31T14:04:35 PST" name="Test" finished-at="2024-12-31T14:04:42 PST" duration-ms="6277">
      <class name="com.learnAutomation.TestCases.LoginTest">
        <test-method is-config="true" signature="setUp()[pri:0, instance:com.learnAutomation.TestCases.LoginTest@7b94089b]" started-at="2024-12-31T14:04:35 PST" name="setUp" finished-at="2024-12-31T14:04:39 PST" duration-ms="3667" status="PASS">
          <reporter-output>
          </reporter-output>
        </test-method> <!-- setUp -->
        <test-method signature="UserWithInvalidUserName(java.lang.String,java.lang.String)[pri:0, instance:com.learnAutomation.TestCases.LoginTest@7b94089b]" started-at="2024-12-31T14:04:40 PST" name="UserWithInvalidUserName" data-provider="login" finished-at="2024-12-31T14:04:42 PST" duration-ms="1506" status="PASS">
          <params>
            <param index="0">
              <value>
                <![CDATA[ges@gmail.com]]>
              </value>
            </param>
            <param index="1">
              <value>
                <![CDATA[admin@123]]>
              </value>
            </param>
          </params>
          <reporter-output>
          </reporter-output>
        </test-method> <!-- UserWithInvalidUserName -->
        <test-method is-config="true" signature="tearDown()[pri:0, instance:com.learnAutomation.TestCases.LoginTest@7b94089b]" started-at="2024-12-31T14:04:42 PST" name="tearDown" finished-at="2024-12-31T14:04:42 PST" duration-ms="212" status="PASS">
          <reporter-output>
          </reporter-output>
        </test-method> <!-- tearDown -->
      </class> <!-- com.learnAutomation.TestCases.LoginTest -->
    </test> <!-- Test -->
  </suite> <!-- Suite -->
</testng-results>
